<?xml version="1.0" encoding="UTF-8"?>
<testsuite xmlns:xsi="http://www.w3.org/2001/XMLSchema-instance" xsi:noNamespaceSchemaLocation="https://maven.apache.org/surefire/maven-surefire-plugin/xsd/surefire-test-report-3.0.xsd" version="3.0" name="pt.amaral.GreetingResourceTest" time="13.488" tests="1" errors="1" skipped="0" failures="0">
  <properties>
[...]
</properties>
  <testcase name="testHelloEndpoint" classname="pt.amaral.GreetingResourceTest" time="0.04">
    <error message="java.lang.RuntimeException: io.quarkus.builder.BuildException: Build failure: Build failed due to errors&#10;	[error]: Build step io.quarkus.deployment.steps.CapabilityAggregationStep#aggregateCapabilities threw an exception: java.lang.IllegalStateException: Please make sure there is only one provider of the following capabilities:&#10;capability io.quarkus.rest is provided by:&#10;  - io.quarkus:quarkus-resteasy-reactive:3.5.0&#10;  - io.quarkus:quarkus-resteasy:3.5.0&#10;&#10;	at io.quarkus.deployment.steps.CapabilityAggregationStep.aggregateCapabilities(CapabilityAggregationStep.java:158)&#10;	at java.base/jdk.internal.reflect.NativeMethodAccessorImpl.invoke0(Native Method)&#10;	at java.base/jdk.internal.reflect.NativeMethodAccessorImpl.invoke(NativeMethodAccessorImpl.java:77)&#10;	at java.base/jdk.internal.reflect.DelegatingMethodAccessorImpl.invoke(DelegatingMethodAccessorImpl.java:43)&#10;	at java.base/java.lang.reflect.Method.invoke(Method.java:568)&#10;	at io.quarkus.deployment.ExtensionLoader$3.execute(ExtensionLoader.java:849)&#10;	at io.quarkus.builder.BuildContext.run(BuildContext.java:282)&#10;	at org.jboss.threads.ContextHandler$1.runWith(ContextHandler.java:18)&#10;	at org.jboss.threads.EnhancedQueueExecutor$Task.run(EnhancedQueueExecutor.java:2513)&#10;	at org.jboss.threads.EnhancedQueueExecutor$ThreadBody.run(EnhancedQueueExecutor.java:1538)&#10;	at java.base/java.lang.Thread.run(Thread.java:833)&#10;	at org.jboss.threads.JBossThread.run(JBossThread.java:501)&#10;" type="java.lang.RuntimeException"><![CDATA[java.lang.RuntimeException: 
java.lang.RuntimeException: io.quarkus.builder.BuildException: Build failure: Build failed due to errors
	[error]: Build step io.quarkus.deployment.steps.CapabilityAggregationStep#aggregateCapabilities threw an exception: java.lang.IllegalStateException: Please make sure there is only one provider of the following capabilities:
capability io.quarkus.rest is provided by:
  - io.quarkus:quarkus-resteasy-reactive:3.5.0
  - io.quarkus:quarkus-resteasy:3.5.0

	at io.quarkus.deployment.steps.CapabilityAggregationStep.aggregateCapabilities(CapabilityAggregationStep.java:158)
	at java.base/jdk.internal.reflect.NativeMethodAccessorImpl.invoke0(Native Method)
	at java.base/jdk.internal.reflect.NativeMethodAccessorImpl.invoke(NativeMethodAccessorImpl.java:77)
	at java.base/jdk.internal.reflect.DelegatingMethodAccessorImpl.invoke(DelegatingMethodAccessorImpl.java:43)
	at java.base/java.lang.reflect.Method.invoke(Method.java:568)
	at io.quarkus.deployment.ExtensionLoader$3.execute(ExtensionLoader.java:849)
	at io.quarkus.builder.BuildContext.run(BuildContext.java:282)
	at org.jboss.threads.ContextHandler$1.runWith(ContextHandler.java:18)
	at org.jboss.threads.EnhancedQueueExecutor$Task.run(EnhancedQueueExecutor.java:2513)
	at org.jboss.threads.EnhancedQueueExecutor$ThreadBody.run(EnhancedQueueExecutor.java:1538)
	at java.base/java.lang.Thread.run(Thread.java:833)
	at org.jboss.threads.JBossThread.run(JBossThread.java:501)

	at io.quarkus.test.junit.QuarkusTestExtension.throwBootFailureException(QuarkusTestExtension.java:639)
	at io.quarkus.test.junit.QuarkusTestExtension.interceptTestClassConstructor(QuarkusTestExtension.java:723)
	at java.base/java.util.Optional.orElseGet(Optional.java:364)
	at java.base/java.util.ArrayList.forEach(ArrayList.java:1511)
	at java.base/java.util.ArrayList.forEach(ArrayList.java:1511)
Caused by: java.lang.RuntimeException: io.quarkus.builder.BuildException: Build failure: Build failed due to errors
	[error]: Build step io.quarkus.deployment.steps.CapabilityAggregationStep#aggregateCapabilities threw an exception: java.lang.IllegalStateException: Please make sure there is only one provider of the following capabilities:
capability io.quarkus.rest is provided by:
  - io.quarkus:quarkus-resteasy-reactive:3.5.0
  - io.quarkus:quarkus-resteasy:3.5.0

	at io.quarkus.deployment.steps.CapabilityAggregationStep.aggregateCapabilities(CapabilityAggregationStep.java:158)
	at java.base/jdk.internal.reflect.NativeMethodAccessorImpl.invoke0(Native Method)
	at java.base/jdk.internal.reflect.NativeMethodAccessorImpl.invoke(NativeMethodAccessorImpl.java:77)
	at java.base/jdk.internal.reflect.DelegatingMethodAccessorImpl.invoke(DelegatingMethodAccessorImpl.java:43)
	at java.base/java.lang.reflect.Method.invoke(Method.java:568)
	at io.quarkus.deployment.ExtensionLoader$3.execute(ExtensionLoader.java:849)
	at io.quarkus.builder.BuildContext.run(BuildContext.java:282)
	at org.jboss.threads.ContextHandler$1.runWith(ContextHandler.java:18)
	at org.jboss.threads.EnhancedQueueExecutor$Task.run(EnhancedQueueExecutor.java:2513)
	at org.jboss.threads.EnhancedQueueExecutor$ThreadBody.run(EnhancedQueueExecutor.java:1538)
	at java.base/java.lang.Thread.run(Thread.java:833)
	at org.jboss.threads.JBossThread.run(JBossThread.java:501)

	at io.quarkus.runner.bootstrap.AugmentActionImpl.runAugment(AugmentActionImpl.java:336)
	at io.quarkus.runner.bootstrap.AugmentActionImpl.createInitialRuntimeApplication(AugmentActionImpl.java:253)
	at io.quarkus.runner.bootstrap.AugmentActionImpl.createInitialRuntimeApplication(AugmentActionImpl.java:60)
	at io.quarkus.test.junit.QuarkusTestExtension.doJavaStart(QuarkusTestExtension.java:223)
	at io.quarkus.test.junit.QuarkusTestExtension.ensureStarted(QuarkusTestExtension.java:606)
	at io.quarkus.test.junit.QuarkusTestExtension.beforeAll(QuarkusTestExtension.java:656)
	... 1 more
Caused by: io.quarkus.builder.BuildException: Build failure: Build failed due to errors
	[error]: Build step io.quarkus.deployment.steps.CapabilityAggregationStep#aggregateCapabilities threw an exception: java.lang.IllegalStateException: Please make sure there is only one provider of the following capabilities:
capability io.quarkus.rest is provided by:
  - io.quarkus:quarkus-resteasy-reactive:3.5.0
  - io.quarkus:quarkus-resteasy:3.5.0

	at io.quarkus.deployment.steps.CapabilityAggregationStep.aggregateCapabilities(CapabilityAggregationStep.java:158)
	at java.base/jdk.internal.reflect.NativeMethodAccessorImpl.invoke0(Native Method)
	at java.base/jdk.internal.reflect.NativeMethodAccessorImpl.invoke(NativeMethodAccessorImpl.java:77)
	at java.base/jdk.internal.reflect.DelegatingMethodAccessorImpl.invoke(DelegatingMethodAccessorImpl.java:43)
	at java.base/java.lang.reflect.Method.invoke(Method.java:568)
	at io.quarkus.deployment.ExtensionLoader$3.execute(ExtensionLoader.java:849)
	at io.quarkus.builder.BuildContext.run(BuildContext.java:282)
	at org.jboss.threads.ContextHandler$1.runWith(ContextHandler.java:18)
	at org.jboss.threads.EnhancedQueueExecutor$Task.run(EnhancedQueueExecutor.java:2513)
	at org.jboss.threads.EnhancedQueueExecutor$ThreadBody.run(EnhancedQueueExecutor.java:1538)
	at java.base/java.lang.Thread.run(Thread.java:833)
	at org.jboss.threads.JBossThread.run(JBossThread.java:501)

	at io.quarkus.builder.Execution.run(Execution.java:123)
	at io.quarkus.builder.BuildExecutionBuilder.execute(BuildExecutionBuilder.java:79)
	at io.quarkus.deployment.QuarkusAugmentor.run(QuarkusAugmentor.java:160)
	at io.quarkus.runner.bootstrap.AugmentActionImpl.runAugment(AugmentActionImpl.java:332)
	... 6 more
Caused by: java.lang.IllegalStateException: Please make sure there is only one provider of the following capabilities:
capability io.quarkus.rest is provided by:
  - io.quarkus:quarkus-resteasy-reactive:3.5.0
  - io.quarkus:quarkus-resteasy:3.5.0

	at io.quarkus.deployment.steps.CapabilityAggregationStep.aggregateCapabilities(CapabilityAggregationStep.java:158)
	at java.base/java.lang.reflect.Method.invoke(Method.java:568)
	at io.quarkus.deployment.ExtensionLoader$3.execute(ExtensionLoader.java:849)
	at io.quarkus.builder.BuildContext.run(BuildContext.java:282)
	at org.jboss.threads.ContextHandler$1.runWith(ContextHandler.java:18)
	at org.jboss.threads.EnhancedQueueExecutor$Task.run(EnhancedQueueExecutor.java:2513)
	at org.jboss.threads.EnhancedQueueExecutor$ThreadBody.run(EnhancedQueueExecutor.java:1538)
	at java.base/java.lang.Thread.run(Thread.java:833)
	at org.jboss.threads.JBossThread.run(JBossThread.java:501)
]]></error>
  </testcase>
</testsuite>